<?xml version="1.0" encoding="UTF-8"?>
<!-- Generated by org.testng.reporters.JUnitXMLReporter -->
<testsuite ignored="0" hostname="Dell" failures="1" tests="2" name="Test" time="26.847" errors="0" timestamp="2021-01-05T20:22:34 IST">
  <testcase classname="EndToEnd.FlipkartLogin" name="Login" time="0.382"/>
  <testcase classname="EndToEnd.FlipkartLogin" name="Login" time="17.837">
    <failure type="java.lang.NullPointerException" message="Cannot invoke &amp;quot;org.openqa.selenium.TakesScreenshot.getScreenshotAs(org.openqa.selenium.OutputType)&amp;quot; because &amp;quot;ts&amp;quot; is null">
      <![CDATA[java.lang.NullPointerException: Cannot invoke "org.openqa.selenium.TakesScreenshot.getScreenshotAs(org.openqa.selenium.OutputType)" because "ts" is null
at resources.base.getScreenShotPath(base.java:63)
at EndToEnd.Listeners.onTestSuccess(Listeners.java:116)
at java.base/java.util.ArrayList.forEach(ArrayList.java:1511)
... Removed 28 stack frames]]>
    </failure>
  </testcase> <!-- Login -->
</testsuite> <!-- Test -->
